<?xml version="1.0" encoding="UTF-8" ?>
<testsuite tests="2" failures="1" name="TestSuite" time="47.88" errors="0" skipped="0">
  <properties>
    <property name="java.runtime.name" value="Java(TM) SE Runtime Environment"/>
    <property name="sun.boot.library.path" value="C:\Program Files\Java\jdk1.8.0_152\jre\bin"/>
    <property name="java.vm.version" value="25.152-b16"/>
    <property name="java.vm.vendor" value="Oracle Corporation"/>
    <property name="java.vendor.url" value="http://java.oracle.com/"/>
    <property name="path.separator" value=";"/>
    <property name="java.vm.name" value="Java HotSpot(TM) 64-Bit Server VM"/>
    <property name="file.encoding.pkg" value="sun.io"/>
    <property name="user.script" value=""/>
    <property name="user.country" value="CN"/>
    <property name="sun.java.launcher" value="SUN_STANDARD"/>
    <property name="sun.os.patch.level" value=""/>
    <property name="java.vm.specification.name" value="Java Virtual Machine Specification"/>
    <property name="user.dir" value="D:\workspace\eclipse\testest"/>
    <property name="java.runtime.version" value="1.8.0_152-b16"/>
    <property name="java.awt.graphicsenv" value="sun.awt.Win32GraphicsEnvironment"/>
    <property name="basedir" value="D:\workspace\eclipse\testest"/>
    <property name="java.endorsed.dirs" value="C:\Program Files\Java\jdk1.8.0_152\jre\lib\endorsed"/>
    <property name="os.arch" value="amd64"/>
    <property name="surefire.real.class.path" value="D:\workspace\eclipse\testest\target\surefire\surefirebooter146195277806757107.jar"/>
    <property name="java.io.tmpdir" value="C:\Users\xm\AppData\Local\Temp\"/>
    <property name="line.separator" value="
"/>
    <property name="java.vm.specification.vendor" value="Oracle Corporation"/>
    <property name="user.variant" value=""/>
    <property name="os.name" value="Windows 10"/>
    <property name="sun.jnu.encoding" value="GBK"/>
    <property name="java.library.path" value="C:\Program Files\Java\jdk1.8.0_152\jre\bin;C:\WINDOWS\Sun\Java\bin;C:\WINDOWS\system32;C:\WINDOWS;C:/Program Files/Java/jdk1.8.0_152/jre/bin/server;C:/Program Files/Java/jdk1.8.0_152/jre/bin;C:/Program Files/Java/jdk1.8.0_152/jre/lib/amd64;C:\ProgramData\Oracle\Java\javapath;C:\Program Files\Java\jdk1.8.0_152\bin;C:\Program Files\Java\jdk1.8.0_152\jre\bin;C:\WINDOWS\system32;C:\WINDOWS;C:\WINDOWS\System32\Wbem;C:\WINDOWS\System32\WindowsPowerShell\v1.0\;D:\tools\apache-maven-3.5.2\bin;C:\Users\xm\AppData\Local\Microsoft\WindowsApps;C:\Users\xm\AppData\Local\GitHubDesktop\bin;C:\Users\xm\Desktop;;."/>
    <property name="surefire.test.class.path" value="D:\workspace\eclipse\testest\target\test-classes;D:\workspace\eclipse\testest\target\classes;D:\mavenStore\junit\junit\3.8.1\junit-3.8.1.jar;D:\mavenStore\org\seleniumhq\selenium\selenium-java\3.11.0\selenium-java-3.11.0.jar;D:\mavenStore\org\seleniumhq\selenium\selenium-api\3.11.0\selenium-api-3.11.0.jar;D:\mavenStore\org\seleniumhq\selenium\selenium-chrome-driver\3.11.0\selenium-chrome-driver-3.11.0.jar;D:\mavenStore\org\seleniumhq\selenium\selenium-edge-driver\3.11.0\selenium-edge-driver-3.11.0.jar;D:\mavenStore\org\seleniumhq\selenium\selenium-firefox-driver\3.11.0\selenium-firefox-driver-3.11.0.jar;D:\mavenStore\org\seleniumhq\selenium\selenium-ie-driver\3.11.0\selenium-ie-driver-3.11.0.jar;D:\mavenStore\org\seleniumhq\selenium\selenium-opera-driver\3.11.0\selenium-opera-driver-3.11.0.jar;D:\mavenStore\org\seleniumhq\selenium\selenium-remote-driver\3.11.0\selenium-remote-driver-3.11.0.jar;D:\mavenStore\org\seleniumhq\selenium\selenium-safari-driver\3.11.0\selenium-safari-driver-3.11.0.jar;D:\mavenStore\org\seleniumhq\selenium\selenium-support\3.11.0\selenium-support-3.11.0.jar;D:\mavenStore\net\bytebuddy\byte-buddy\1.7.9\byte-buddy-1.7.9.jar;D:\mavenStore\org\apache\commons\commons-exec\1.3\commons-exec-1.3.jar;D:\mavenStore\commons-codec\commons-codec\1.10\commons-codec-1.10.jar;D:\mavenStore\commons-logging\commons-logging\1.2\commons-logging-1.2.jar;D:\mavenStore\com\google\code\gson\gson\2.8.2\gson-2.8.2.jar;D:\mavenStore\com\google\guava\guava\23.6-jre\guava-23.6-jre.jar;D:\mavenStore\com\google\code\findbugs\jsr305\1.3.9\jsr305-1.3.9.jar;D:\mavenStore\org\checkerframework\checker-compat-qual\2.0.0\checker-compat-qual-2.0.0.jar;D:\mavenStore\com\google\errorprone\error_prone_annotations\2.1.3\error_prone_annotations-2.1.3.jar;D:\mavenStore\com\google\j2objc\j2objc-annotations\1.1\j2objc-annotations-1.1.jar;D:\mavenStore\org\codehaus\mojo\animal-sniffer-annotations\1.14\animal-sniffer-annotations-1.14.jar;D:\mavenStore\org\apache\httpcomponents\httpclient\4.5.3\httpclient-4.5.3.jar;D:\mavenStore\org\apache\httpcomponents\httpcore\4.4.6\httpcore-4.4.6.jar;D:\mavenStore\com\squareup\okhttp3\okhttp\3.9.1\okhttp-3.9.1.jar;D:\mavenStore\com\squareup\okio\okio\1.13.0\okio-1.13.0.jar;D:\mavenStore\org\testng\testng\6.14.2\testng-6.14.2.jar;D:\mavenStore\com\beust\jcommander\1.72\jcommander-1.72.jar;D:\mavenStore\org\apache-extras\beanshell\bsh\2.0b6\bsh-2.0b6.jar;D:\mavenStore\commons-io\commons-io\1.3.2\commons-io-1.3.2.jar;D:\mavenStore\net\sourceforge\jexcelapi\jxl\2.6.12\jxl-2.6.12.jar;D:\mavenStore\log4j\log4j\1.2.17\log4j-1.2.17.jar;D:\mavenStore\com\codeborne\phantomjsdriver\1.2.1\phantomjsdriver-1.2.1.jar;D:\mavenStore\io\github\bonigarcia\webdrivermanager\2.2.1\webdrivermanager-2.2.1.jar;D:\mavenStore\org\slf4j\slf4j-api\1.7.24\slf4j-api-1.7.24.jar;D:\mavenStore\org\apache\commons\commons-lang3\3.5\commons-lang3-3.5.jar;D:\mavenStore\org\rauschig\jarchivelib\0.7.1\jarchivelib-0.7.1.jar;D:\mavenStore\org\apache\commons\commons-compress\1.9\commons-compress-1.9.jar;D:\mavenStore\org\jsoup\jsoup\1.10.2\jsoup-1.10.2.jar;D:\mavenStore\ch\qos\logback\logback-classic\1.2.3\logback-classic-1.2.3.jar;D:\mavenStore\ch\qos\logback\logback-core\1.2.3\logback-core-1.2.3.jar;"/>
    <property name="java.specification.name" value="Java Platform API Specification"/>
    <property name="java.class.version" value="52.0"/>
    <property name="sun.management.compiler" value="HotSpot 64-Bit Tiered Compilers"/>
    <property name="os.version" value="10.0"/>
    <property name="user.home" value="C:\Users\xm"/>
    <property name="user.timezone" value="Asia/Shanghai"/>
    <property name="java.awt.printerjob" value="sun.awt.windows.WPrinterJob"/>
    <property name="java.specification.version" value="1.8"/>
    <property name="file.encoding" value="GBK"/>
    <property name="user.name" value="xm"/>
    <property name="java.class.path" value="D:\workspace\eclipse\testest\target\test-classes;D:\workspace\eclipse\testest\target\classes;D:\mavenStore\junit\junit\3.8.1\junit-3.8.1.jar;D:\mavenStore\org\seleniumhq\selenium\selenium-java\3.11.0\selenium-java-3.11.0.jar;D:\mavenStore\org\seleniumhq\selenium\selenium-api\3.11.0\selenium-api-3.11.0.jar;D:\mavenStore\org\seleniumhq\selenium\selenium-chrome-driver\3.11.0\selenium-chrome-driver-3.11.0.jar;D:\mavenStore\org\seleniumhq\selenium\selenium-edge-driver\3.11.0\selenium-edge-driver-3.11.0.jar;D:\mavenStore\org\seleniumhq\selenium\selenium-firefox-driver\3.11.0\selenium-firefox-driver-3.11.0.jar;D:\mavenStore\org\seleniumhq\selenium\selenium-ie-driver\3.11.0\selenium-ie-driver-3.11.0.jar;D:\mavenStore\org\seleniumhq\selenium\selenium-opera-driver\3.11.0\selenium-opera-driver-3.11.0.jar;D:\mavenStore\org\seleniumhq\selenium\selenium-remote-driver\3.11.0\selenium-remote-driver-3.11.0.jar;D:\mavenStore\org\seleniumhq\selenium\selenium-safari-driver\3.11.0\selenium-safari-driver-3.11.0.jar;D:\mavenStore\org\seleniumhq\selenium\selenium-support\3.11.0\selenium-support-3.11.0.jar;D:\mavenStore\net\bytebuddy\byte-buddy\1.7.9\byte-buddy-1.7.9.jar;D:\mavenStore\org\apache\commons\commons-exec\1.3\commons-exec-1.3.jar;D:\mavenStore\commons-codec\commons-codec\1.10\commons-codec-1.10.jar;D:\mavenStore\commons-logging\commons-logging\1.2\commons-logging-1.2.jar;D:\mavenStore\com\google\code\gson\gson\2.8.2\gson-2.8.2.jar;D:\mavenStore\com\google\guava\guava\23.6-jre\guava-23.6-jre.jar;D:\mavenStore\com\google\code\findbugs\jsr305\1.3.9\jsr305-1.3.9.jar;D:\mavenStore\org\checkerframework\checker-compat-qual\2.0.0\checker-compat-qual-2.0.0.jar;D:\mavenStore\com\google\errorprone\error_prone_annotations\2.1.3\error_prone_annotations-2.1.3.jar;D:\mavenStore\com\google\j2objc\j2objc-annotations\1.1\j2objc-annotations-1.1.jar;D:\mavenStore\org\codehaus\mojo\animal-sniffer-annotations\1.14\animal-sniffer-annotations-1.14.jar;D:\mavenStore\org\apache\httpcomponents\httpclient\4.5.3\httpclient-4.5.3.jar;D:\mavenStore\org\apache\httpcomponents\httpcore\4.4.6\httpcore-4.4.6.jar;D:\mavenStore\com\squareup\okhttp3\okhttp\3.9.1\okhttp-3.9.1.jar;D:\mavenStore\com\squareup\okio\okio\1.13.0\okio-1.13.0.jar;D:\mavenStore\org\testng\testng\6.14.2\testng-6.14.2.jar;D:\mavenStore\com\beust\jcommander\1.72\jcommander-1.72.jar;D:\mavenStore\org\apache-extras\beanshell\bsh\2.0b6\bsh-2.0b6.jar;D:\mavenStore\commons-io\commons-io\1.3.2\commons-io-1.3.2.jar;D:\mavenStore\net\sourceforge\jexcelapi\jxl\2.6.12\jxl-2.6.12.jar;D:\mavenStore\log4j\log4j\1.2.17\log4j-1.2.17.jar;D:\mavenStore\com\codeborne\phantomjsdriver\1.2.1\phantomjsdriver-1.2.1.jar;D:\mavenStore\io\github\bonigarcia\webdrivermanager\2.2.1\webdrivermanager-2.2.1.jar;D:\mavenStore\org\slf4j\slf4j-api\1.7.24\slf4j-api-1.7.24.jar;D:\mavenStore\org\apache\commons\commons-lang3\3.5\commons-lang3-3.5.jar;D:\mavenStore\org\rauschig\jarchivelib\0.7.1\jarchivelib-0.7.1.jar;D:\mavenStore\org\apache\commons\commons-compress\1.9\commons-compress-1.9.jar;D:\mavenStore\org\jsoup\jsoup\1.10.2\jsoup-1.10.2.jar;D:\mavenStore\ch\qos\logback\logback-classic\1.2.3\logback-classic-1.2.3.jar;D:\mavenStore\ch\qos\logback\logback-core\1.2.3\logback-core-1.2.3.jar;"/>
    <property name="java.vm.specification.version" value="1.8"/>
    <property name="sun.arch.data.model" value="64"/>
    <property name="java.home" value="C:\Program Files\Java\jdk1.8.0_152\jre"/>
    <property name="sun.java.command" value="D:\workspace\eclipse\testest\target\surefire\surefirebooter146195277806757107.jar D:\workspace\eclipse\testest\target\surefire\surefire2644358569141068842tmp D:\workspace\eclipse\testest\target\surefire\surefire8666145173666297112tmp"/>
    <property name="java.specification.vendor" value="Oracle Corporation"/>
    <property name="user.language" value="zh"/>
    <property name="awt.toolkit" value="sun.awt.windows.WToolkit"/>
    <property name="java.vm.info" value="mixed mode"/>
    <property name="java.version" value="1.8.0_152"/>
    <property name="java.ext.dirs" value="C:\Program Files\Java\jdk1.8.0_152\jre\lib\ext;C:\WINDOWS\Sun\Java\lib\ext"/>
    <property name="sun.boot.class.path" value="C:\Program Files\Java\jdk1.8.0_152\jre\lib\resources.jar;C:\Program Files\Java\jdk1.8.0_152\jre\lib\rt.jar;C:\Program Files\Java\jdk1.8.0_152\jre\lib\sunrsasign.jar;C:\Program Files\Java\jdk1.8.0_152\jre\lib\jsse.jar;C:\Program Files\Java\jdk1.8.0_152\jre\lib\jce.jar;C:\Program Files\Java\jdk1.8.0_152\jre\lib\charsets.jar;C:\Program Files\Java\jdk1.8.0_152\jre\lib\jfr.jar;C:\Program Files\Java\jdk1.8.0_152\jre\classes"/>
    <property name="java.vendor" value="Oracle Corporation"/>
    <property name="localRepository" value="D:\mavenStore"/>
    <property name="file.separator" value="\"/>
    <property name="java.vendor.url.bug" value="http://bugreport.sun.com/bugreport/"/>
    <property name="sun.cpu.endian" value="little"/>
    <property name="sun.io.unicode.encoding" value="UnicodeLittle"/>
    <property name="sun.desktop" value="windows"/>
    <property name="sun.cpu.isalist" value="amd64"/>
  </properties>
  <testcase classname="script.xiaomi.test" name="testFun" time="47.531"/>
  <testcase classname="script.xiaomi.test" name="testFun001" time="0.011">
    <failure message="expected [true] but found [false]" type="java.lang.AssertionError">java.lang.AssertionError: expected [true] but found [false]
	at org.testng.Assert.fail(Assert.java:96)
	at org.testng.Assert.failNotEquals(Assert.java:776)
	at org.testng.Assert.assertTrue(Assert.java:44)
	at org.testng.Assert.assertTrue(Assert.java:54)
	at script.xiaomi.test.testFun001(test.java:41)
</failure>
  </testcase>
</testsuite>