<?xml version="1.0" encoding="UTF-8"?>
<!-- Generated by org.testng.reporters.JUnitReportReporter -->
<testsuite skipped="0" hostname="DESKTOP-HGRS86I" name="selenium.example.AutoCompleteExample" tests="1" failures="0" timestamp="18 三月 2018 05:43:44 GMT" time="18.253" errors="0">
  <testcase name="rightClickTest" time="18.253" classname="selenium.example.AutoCompleteExample"/>
</testsuite> <!-- selenium.example.AutoCompleteExample -->
