<?xml version="1.0" encoding="UTF-8"?>
<!-- Generated by org.testng.reporters.JUnitReportReporter -->
<testsuite skipped="0" hostname="DESKTOP-HGRS86I" name="selenium.crawler.zhilianzhaopin" tests="1" failures="0" timestamp="15 五月 2018 15:38:34 GMT" time="191.150" errors="0">
  <testcase name="test" time="191.150" classname="selenium.crawler.zhilianzhaopin"/>
</testsuite> <!-- selenium.crawler.zhilianzhaopin -->
