<?xml version="1.0" encoding="UTF-8"?>
<!-- Generated by org.testng.reporters.JUnitReportReporter -->
<testsuite skipped="0" hostname="DESKTOP-HGRS86I" name="testng.testngxml.parallelExecution.TestParallelOne" tests="2" failures="0" timestamp="30 三月 2018 12:01:57 GMT" time="0.012" errors="0">
  <testcase name="testCaseTwo" time="0.004" classname="testng.testngxml.parallelExecution.TestParallelOne"/>
  <testcase name="testCaseOne" time="0.008" classname="testng.testngxml.parallelExecution.TestParallelOne"/>
</testsuite> <!-- testng.testngxml.parallelExecution.TestParallelOne -->
