<?xml version="1.0" encoding="UTF-8"?>
<!-- Generated by org.testng.reporters.JUnitReportReporter -->
<testsuite skipped="0" hostname="DESKTOP-HGRS86I" name="selenium.example.DragNDropExample" tests="1" failures="0" timestamp="18 三月 2018 06:07:40 GMT" time="5.602" errors="0">
  <testcase name="testDragAndDropExample" time="5.602" classname="selenium.example.DragNDropExample"/>
</testsuite> <!-- selenium.example.DragNDropExample -->
