<?xml version="1.0" encoding="UTF-8"?>
<!-- Generated by org.testng.reporters.JUnitReportReporter -->
<testsuite skipped="0" hostname="DESKTOP-HGRS86I" name="selenium.example.CalendarExample" tests="1" failures="0" timestamp="18 三月 2018 05:37:37 GMT" time="2.966" errors="0">
  <testcase name="jQueryCalendarMultipleMonths" time="2.966" classname="selenium.example.CalendarExample"/>
</testsuite> <!-- selenium.example.CalendarExample -->
