<?xml version="1.0" encoding="UTF-8"?>
<!-- Generated by org.testng.reporters.JUnitReportReporter -->
<testsuite skipped="0" hostname="DESKTOP-HGRS86I" name="testng.testngxml.multipleClass.entry.AddTestCase" tests="1" failures="0" timestamp="30 三月 2018 11:51:57 GMT" time="0.009" errors="0">
  <testcase name="addLocationTestCase" time="0.009" classname="testng.testngxml.multipleClass.entry.AddTestCase"/>
</testsuite> <!-- testng.testngxml.multipleClass.entry.AddTestCase -->
