<?xml version="1.0" encoding="UTF-8"?>
<!-- Generated by org.testng.reporters.JUnitReportReporter -->
<testsuite skipped="0" hostname="DESKTOP-HGRS86I" name="selenium.crawler.CsdnCrawler" tests="1" failures="0" timestamp="12 四月 2018 15:49:22 GMT" time="102.474" errors="0">
  <testcase name="openCsdnLink" time="102.474" classname="selenium.crawler.CsdnCrawler"/>
</testsuite> <!-- selenium.crawler.CsdnCrawler -->
