<?xml version="1.0" encoding="UTF-8"?>
<!-- Generated by org.testng.reporters.JUnitReportReporter -->
<testsuite skipped="0" hostname="DESKTOP-HGRS86I" name="testng.testngxml.multipleClasses.demoThree" tests="2" failures="0" timestamp="30 三月 2018 11:24:43 GMT" time="0.007" errors="0">
  <testcase name="secondTestCase" time="0.002" classname="testng.testngxml.multipleClasses.demoThree"/>
  <testcase name="firstTestCase" time="0.005" classname="testng.testngxml.multipleClasses.demoThree"/>
</testsuite> <!-- testng.testngxml.multipleClasses.demoThree -->
