<?xml version="1.0" encoding="UTF-8"?>
<!-- Generated by org.testng.reporters.JUnitReportReporter -->
<testsuite skipped="0" hostname="DESKTOP-HGRS86I" name="script.xiaomi.test" tests="1" failures="0" timestamp="12 三月 2018 14:30:55 GMT" time="11.189" errors="0">
  <testcase name="testFun" time="11.189" classname="script.xiaomi.test"/>
</testsuite> <!-- script.xiaomi.test -->
