<?xml version="1.0" encoding="UTF-8"?>
<!-- Generated by org.testng.reporters.JUnitReportReporter -->
<testsuite skipped="0" hostname="DESKTOP-HGRS86I" name="selenium.example.JSClickExample" tests="1" failures="0" timestamp="18 三月 2018 06:09:53 GMT" time="7.322" errors="0">
  <testcase name="testClickJS" time="7.322" classname="selenium.example.JSClickExample"/>
</testsuite> <!-- selenium.example.JSClickExample -->
