<?xml version="1.0" encoding="UTF-8"?>
<!-- Generated by org.testng.reporters.JUnitReportReporter -->
<testsuite skipped="0" hostname="DESKTOP-HGRS86I" name="testng.testngxml.multipleClasses.demoOne" tests="2" failures="0" timestamp="30 三月 2018 11:24:43 GMT" time="0.022" errors="0">
  <testcase name="secondTestCase" time="0.007" classname="testng.testngxml.multipleClasses.demoOne"/>
  <testcase name="firstTestCase" time="0.015" classname="testng.testngxml.multipleClasses.demoOne"/>
</testsuite> <!-- testng.testngxml.multipleClasses.demoOne -->
