<?xml version="1.0" encoding="UTF-8"?>
<!-- Generated by org.testng.reporters.JUnitReportReporter -->
<testsuite skipped="0" hostname="DESKTOP-HGRS86I" name="xm.HtmlunitTest" tests="1" failures="0" timestamp="14 五月 2018 14:26:05 GMT" time="2.284" errors="0">
  <testcase name="test" time="2.284" classname="xm.HtmlunitTest"/>
</testsuite> <!-- xm.HtmlunitTest -->
