<?xml version="1.0" encoding="UTF-8"?>
<!-- Generated by org.testng.reporters.JUnitReportReporter -->
<testsuite skipped="0" hostname="DESKTOP-HGRS86I" name="testng.multipleClasses.demoThree" tests="2" failures="0" timestamp="30 三月 2018 11:18:19 GMT" time="0.007" errors="0">
  <testcase name="secondTestCase" time="0.003" classname="testng.multipleClasses.demoThree"/>
  <testcase name="firstTestCase" time="0.004" classname="testng.multipleClasses.demoThree"/>
</testsuite> <!-- testng.multipleClasses.demoThree -->
