<?xml version="1.0" encoding="UTF-8"?>
<!-- Generated by org.testng.reporters.JUnitReportReporter -->
<testsuite skipped="0" hostname="DESKTOP-HGRS86I" name="testng.testngxml.parallelExecution.TestParallelClassTwo" tests="2" failures="0" timestamp="30 三月 2018 12:01:57 GMT" time="0.012" errors="0">
  <testcase name="testCaseOne" time="0.009" classname="testng.testngxml.parallelExecution.TestParallelClassTwo"/>
  <testcase name="testCaseTwo" time="0.003" classname="testng.testngxml.parallelExecution.TestParallelClassTwo"/>
</testsuite> <!-- testng.testngxml.parallelExecution.TestParallelClassTwo -->
