<?xml version="1.0" encoding="UTF-8"?>
<!-- Generated by org.testng.reporters.JUnitReportReporter -->
<testsuite skipped="0" hostname="DESKTOP-HGRS86I" name="selenium.example.ToolTipExample" tests="2" failures="0" timestamp="18 三月 2018 04:18:59 GMT" time="99.796" errors="0">
  <testcase name="toolTipCase2" time="4.169" classname="selenium.example.ToolTipExample"/>
  <testcase name="toolTipCase1" time="95.627" classname="selenium.example.ToolTipExample"/>
</testsuite> <!-- selenium.example.ToolTipExample -->
