<?xml version="1.0" encoding="UTF-8"?>
<!-- Generated by org.testng.reporters.JUnitReportReporter -->
<testsuite skipped="0" hostname="DESKTOP-HGRS86I" name="common.Util" tests="1" failures="0" timestamp="15 五月 2018 15:33:01 GMT" time="0.009" errors="0">
  <testcase name="writeStringToText" time="0.009" classname="common.Util"/>
</testsuite> <!-- common.Util -->
