<?xml version="1.0" encoding="UTF-8"?>
<!-- Generated by org.testng.reporters.JUnitReportReporter -->
<testsuite skipped="0" hostname="DESKTOP-HGRS86I" name="selenium.crawler.CsdnCrawler" tests="1" failures="0" timestamp="07 四月 2018 08:23:51 GMT" time="82.571" errors="0">
  <testcase name="name" time="82.571" classname="selenium.crawler.CsdnCrawler"/>
</testsuite> <!-- selenium.crawler.CsdnCrawler -->
