<?xml version="1.0" encoding="UTF-8"?>
<!-- Generated by org.testng.reporters.JUnitReportReporter -->
<testsuite skipped="0" hostname="DESKTOP-HGRS86I" name="testng.testngxml.IncludeMethod.AddTestCase" tests="2" failures="0" timestamp="30 三月 2018 11:55:24 GMT" time="0.011" errors="0">
  <testcase name="addDepartmentTestCase" time="0.003" classname="testng.testngxml.IncludeMethod.AddTestCase"/>
  <testcase name="addLocationTestCase" time="0.008" classname="testng.testngxml.IncludeMethod.AddTestCase"/>
</testsuite> <!-- testng.testngxml.IncludeMethod.AddTestCase -->
