<?xml version="1.0" encoding="UTF-8"?>
<!-- Generated by org.testng.reporters.JUnitReportReporter -->
<testsuite skipped="0" hostname="DESKTOP-HGRS86I" name="testng.groupsInTestng.groupExamples" tests="3" failures="0" timestamp="30 三月 2018 11:20:35 GMT" time="0.025" errors="0">
  <testcase name="testCaseOne" time="0.002" classname="testng.groupsInTestng.groupExamples"/>
  <testcase name="testCaseFour" time="0.021" classname="testng.groupsInTestng.groupExamples"/>
  <testcase name="testCaseTwo" time="0.002" classname="testng.groupsInTestng.groupExamples"/>
</testsuite> <!-- testng.groupsInTestng.groupExamples -->
