<?xml version="1.0" encoding="UTF-8"?>
<!-- Generated by org.testng.reporters.JUnitReportReporter -->
<testsuite skipped="0" hostname="DESKTOP-HGRS86I" name="selenium.crawler.zhilianzhaopin" tests="1" failures="0" timestamp="16 五月 2018 14:28:50 GMT" time="202.307" errors="0">
  <testcase name="test" time="202.307" classname="selenium.crawler.zhilianzhaopin"/>
</testsuite> <!-- selenium.crawler.zhilianzhaopin -->
